n/87.jpg
n/85.jpg
n/86.jpg
n/83.jpg
n/84.jpg
n/81.jpg
n/82.jpg
n/78.jpg
n/79.jpg
n/80.jpg
n/76.jpg
n/77.jpg
n/74.jpg
n/75.jpg
n/72.jpg
n/73.jpg
n/69.jpg
n/70.jpg
n/71.jpg
n/68.jpg
n/66.jpg
n/63.jpg
n/64.jpg
n/65.jpg
n/61.jpg
n/62.jpg
n/58.jpg
n/59.jpg
n/60.jpg
n/55.jpg
n/56.jpg
n/57.jpg
n/53.jpg
n/54.jpg
n/52.jpg
n/51.jpg
n/50.jpg
n/49.jpg
n/48.jpg
n/47.jpg
n/46.jpg
n/45.jpg
n/42.jpg
n/40.jpg
n/41.jpg
n/39.jpg
n/38.jpg
n/36.jpg
n/37.jpg
n/34.jpg
n/35.jpg
n/32.jpg
n/33.jpg
n/31.jpg
n/29.jpg
n/30.jpg
n/26.jpg
n/27.jpg
n/28.jpg
n/25.jpg
n/23.jpg
n/24.jpg
n/20.jpg
n/21.jpg
n/22.jpg
n/19.jpg
n/16.jpg
n/17.jpg
n/15.jpg
n/14.jpg
n/1568155278419.jpg
n/11.jpg
n/12.jpg
n/13.jpg
n/1568155269048.jpg
n/1568155269049.jpg
n/1568155275626.jpg
n/10.jpg
n/1568155269044.jpg
n/8.jpg
n/9.jpg
n/6.jpg
n/7.jpg
n/4.jpg
n/5.jpg
n/3.jpg
n/0.jpg
n/1.jpg
n/1568155232264.jpg
n/1568155269042.jpg
n/2.jpg
n/Beautiful_Scenery_Wallpapers.jpg
n/Beautiful_Village_Scenery_Wallpaper.jpg
n/Beautiful_scenery_heart_tree_Stock_Photo_01.jpg
n/Blog_Marcel_800x557.jpeg
n/FILE_1515226085.jpg
n/blue_mountains_famous_tourism_scenery_lijiang_1417_1143.jpg
n/burmawithsimonreeveep1_008.jpg
n/celebs_without_makeup_are_just_normal_human_beings_2.jpg
n/cloudy_heart_scenery_bricks_wallpapers_44474_1920x1200.jpg
n/crying1.jpg
n/d8b6932fcfccbe86818bb1b1770c5d9f.jpg
n/d_2_647_091815040436.jpg
n/dscn0130.jpg
n/dtxoz9jnyf4tsezzrm9c.jpg
n/e8c7c4d4e14a9e3b21faf3d7b37c5b03.jpg
n/elon_musk_tesla_e1523820831377.jpg
n/environment_04_temp_1406448209_53d4b251_620x348.jpg
n/f44d3075892e1db0cba559.jpg
n/zambia_youth.jpg
n/425886cfedf9eeb4e73cb3793767fe5d.jpg
n/442809_atelier_yuval_harari.jpg
n/49605_natural_scenery_wallpaper_download.jpg
n/4e9a6a1513.jpg
n/51Z_pPMfSaL._SX326_BO1_204_203_200_.jpg
n/51keYS44wqL._SX342_.jpg
n/52Lands69__94142.1423658257.jpg
n/5cd4e40f2000005b00962def.jpeg
n/6059.human_being.jpg
n/6100_Oak_Web_620x.jpg
n/616OaHsiZWL._SX425_.jpg
n/636205199871706536_ruidososky_Taylor_Huey_1_.jpg
n/693489090.0.jpg
n/6d53c75d09df5ac952f31420e281f8d2.jpg
n/7123.jpg
n/779215_hardik_rahul_and_ganguly.jpg
n/81HgVEqBVuL._SL1500_.jpg
n/87804856_landscape_scenery_view_of_a_waterfall_in_china.jpg
n/89853672_colorful_flowers_and_beautiful_scenery_and_comfortable_mist_feel_peaceful_nature_with_the_atmosphere.jpg
n/8ab3b9ea_6a8a_f464_c655_a87121ca770e.jpg
n/953e21f1_27ce_4f29_afad_16f48865b229.jpg
n/AA093__40253.1414482345.jpg
n/AdobeStock_humanemotion.jpg
n/Amsterdam_Background.jpg
n/Article_1_.jpg
n/Awakening.jpg
n/Awesome_Scenery_Wallpaper.jpeg
n/B3_AC480_NETWOR_P_20180418160639.jpg
n/Bali_Beautiful_Fog_Scenery_Facebook.jpg
n/a_beautiful_scenery_with_a_rainbow_in_the_sky_vector_2629903.jpg
n/aa.jpg
n/aa_Cover_vfr99k3ck00bk0oe1pdsm8e0j6_20170911011854.Medi.jpeg
n/ad192891944future_evolution.jpg
n/afternoon_2970935_960_720.jpg
n/article_0_147217A8000005DC_9_634x498.jpg
n/aurora_over_mount_nasaasaaq_near_sisimiut_in_greenland.jpg
n/beautiful_greenery_scenery_1308_17566.jpg
n/beautiful_natural_scenery_01_hd_picture_166232.jpg
n/beautiful_scenery.jpg
n/beautiful_scenery_04_hd_pictures_166258.jpg
n/beautiful_scenery_3_arun_sivaprasad.jpg
n/beautiful_scenery_8.jpg
n/beautiful_scenery_drawings_csp7287439.jpg
n/10_Ways_to_Raise_Extraordinary_Human_Beings.jpg
n/10ntmaszlee_1539184469.jpg
n/139_human_beings1.jpg
n/1456966988_photosHumanity.jpg
n/1493512318126.jpg
n/1559129492485.jpg
n/1559129554726.jpg
n/1559129579409.jpg
n/1559129579424.jpg
n/1559129613217.jpg
n/1568155269046.jpg
n/1568155269047.jpg
n/1568155278418.jpg
n/1568155278420.jpg
n/1603_iwate_main.jpg
n/170406100007_sachin_tendulkar_exlarge_169.jpg
n/181210132414_honduras_drought_climate_change_exlarge_169.jpg
n/2008_7_Hua_Qing_The_Upanishad_of_Human_Beings.jpg
n/20101118_VPM_PV_1.17466384trafficking.jpg
n/2016119_1410518_5457_h16.jpg
n/2016_08_23_1471986575_570563_HumanResources_thumb.jpg
n/20171023T0902_0016_CNS_POPE_DISABILITIES_EVANGELIZATION.jpg
n/20181107T0826_21975_CNS_POPE_AUDIENCE_POSSESSIONS.jpg
n/2018_01_09_scenery_large.jpg
n/22234324.jpg
n/239354.jpg
n/257741_Typical_Human_Beings_JPG330332be501ac31c3d79ab3470e80737.jpg
n/274f824d_9ac7_484c_a80f_14ed19b2342a_56dc5d7c2bb5.small.jpg
n/300px_Terragen_render.jpg
n/33145517020_97e31d4ae6_b.jpg
n/3334633_babii_jpege2dc9e0690d93c69c1540e405e03bb05.jpg
n/3d_wallpaper_500x500.jpg
n/40147459_colorful_sunset_scenery_in_rural_landscape_with_a_bench_and_a_path_in_the_foreground_gold_fields_and.jpg
n/416720.JPG
n/031319_LackingEmpathyPhoto_01.jpg
n/0812_central_america01_1_1000x666.jpg
n/08580066565256e.jpg
n/1018316866.jpg
n/1568155232265.jpg
n/1568155269040.jpg
n/1568155269041.jpg
n/1568155269045.jpg