p/67.jpg 1 0 0 105 105
p/44.jpg 1 0 0 184 184
p/43.jpg 1 0 0 504 504
p/18.jpg 1 0 0 104 104
p/1024px_Damien_Chazelle_Signature.svg.png 1 0 0 1024 526
p/1263px_Jacques_Chirac_Signature.svg.png 1 0 0 1263 1024
p/1280px_Charles_G_Dawes_Signature.svg.png 1 0 0 1280 554
p/1280px_Elizabeth_II_signature_1952.svg.png 1 0 0 1280 411
p/1280px_Richard_M_Nixon_Signature.svg.png 1 0 0 1280 353
p/1280px_Signature_of_Narendra_Modi_(Hindi).svg.png 1 0 0 1280 507
p/1280px_Signature_of_Ratan_Tata.svg.png 1 0 0 1280 490
p/1280px_Signature_of_Vishwanathan_Anand.svg.png 1 0 0 1280 541
p/1559129613264.jpg 1 0 0 1000 1000
p/1559129658224.png 1 0 0 5140 1990
p/1568155421107.png 1 0 0 1024 526
p/1568155421108.png 1 0 0 1263 1024
p/1568155430497.png 1 0 0 1280 554
p/1568155430498.png 1 0 0 1280 411
p/19513149.jpg 1 0 0 1500 773
p/1Capture.JPG 1 0 0 112 71
p/220px_Autograph_of_Benjamin_Franklin.svg.png 1 0 0 220 107
p/2A6A2F3F00000578_3156231_image_a_1_1436539001093.jpg 1 0 0 634 315
p/320801_rahul_dravid.png 1 0 0 1112 1116
p/622px_Woodrow_Wilson_Signature_2.svg.png 1 0 0 622 289
p/642px_Joe_Clark_Signature.svg.png 1 0 0 642 435
p/644e8a25bca9f86191f3c67cadb4fb5889b3e026v2_00.jpg 1 0 0 324 268
p/687474703a2f2f692e696d6775722e636f6d2f646e5873344e442e706e67.jpg 1 0 0 432 243
p/68747470733a2f2f662e636c6f75642e6769746875622e636f6d2f6173736574732f393837332f3236383034362f39636564333435342d386566632d313165322d383136652d6139623137306135313030342e706e67.jpg 1 0 0 500 300
p/763px_Signature_of_Lisa.svg.png 1 0 0 763 600
p/800px_Signature_of_Clarence_King.jpg 1 0 0 800 445
p/Alice_Sara_Ott___Signature.jpg 1 0 0 3843 1456
p/BTarnpzpc.png 1 0 0 4855 1921
p/Barack_Obama_signature_svg.jpg 1 0 0 1000 242
p/BcgrnXgdi.png 1 0 0 1679 900
p/Benoit_Hamon___signature.png 1 0 0 683 227
p/C7t7M.jpg 1 0 0 861 312
p/Ca2pture.JPG 1 0 0 119 62
p/Caddpture.JPG 1 0 0 192 62
p/Capqture.JPG 1 0 0 145 80
p/Capture.JPG 1 0 0 145 79
p/Cawpture.JPG 1 0 0 101 62
p/Cqapture.JPG 1 0 0 192 62
p/Sound_Signature_Logo_black_qb.png 1 0 0 842 260
p/Terry_Campbell_Signature.jpg 1 0 0 1654 788
p/Timothy_Spall_Signature.png 1 0 0 565 565
p/_65269064_65269042.jpg 1 0 0 640 360
p/aa.jpg 1 0 0 908 297
p/amber_signature2.png 1 0 0 1595 945
p/autographs_92_1.jpg 1 0 0 361 192
p/automatedsignaturemachinelogo_300x138.png 1 0 0 300 138
p/c822b42e321d7a84e07bbbe747521301.jpeg 1 0 0 1160 772
p/signaturejohndoeimage_3.jpg 1 0 0 300 300
p/tjs_signatures.jpg 1 0 0 1068 516
p/transparent_blue_signature.png 1 0 0 721 549
p/trump_signature_16x_9_colorcorrected.jpeg 1 0 0 900 900
p/w.JPG 1 0 0 191 55
p/yckreXozi.jpg 1 0 0 1385 679